<?xml version="1.0" encoding="UTF-8"?>
<testsuite xmlns:xsi="http://www.w3.org/2001/XMLSchema-instance" xsi:noNamespaceSchemaLocation="https://maven.apache.org/surefire/maven-surefire-plugin/xsd/surefire-test-report-3.0.xsd" version="3.0" name="TestSuite" time="14.685" tests="2" errors="0" skipped="0" failures="0">
  <properties>
[...]
</properties>
  <testcase name="RegisterWithExistEmail" classname="tests.registerAccount.TC02_RegisterWithExistEmailTest" time="4.122">
    <system-err><![CDATA[SSttaarrttiinngg  CChhrroommeeDDrivreri v9e0r.0 9.04.403.04.42340. 2(44 c(64dc865d08f50087fd0a8476d7ad469276de982e6ded8be7d6d5b5706ae5d56505a9e91d-6r5e5f9s9/1b-rarnecfhs-/hberaadnsc/h4-4h3e0a@d{s#/442493}) o0n@ {p#o4r2t9 }2)7 1o6n9 
pOonrlty  1l4oc0a5l0 
cOonnlnye cltoicoanls  caornen eacltlioownesd .a
rPlee aaslel osweeed .h
tPtlpesa:s/e/ cshereo mhetdtrpisv:e/r/.cchhrroomemdiruimv.eorr.g/csherocmuiruimt.yo-rcgo/nsseicduerriattyi-ocnosn sfiodre rsautgigoensst ifoorn ss ugogne skteieopinnsg  oCnh rokmeeeDpirngi vCehrr osmeaDfrei.v
erC hsraofmeeD.r
ivCehrr owmaesD rsitvaertre dw sauscc esstsafurltleyd.
 successfully.
May 22, 2021 11:46:13 PM org.openqa.selenium.remote.ProtocolHandshake createSession
INFO: Detected dialect: W3C
May 22, 2021 11:46:13 PM org.openqa.selenium.remote.ProtocolHandshake createSession
INFO: Detected dialect: W3C
]]></system-err>
  </testcase>
  <testcase name="RegisterNewUser" classname="tests.registerAccount.TC01_RegisterNewUserTest" time="9.133"/>
</testsuite>