<?xml version="1.0" encoding="UTF-8"?>
<testng-results skipped="0" failed="0" ignored="1" total="3" passed="2">
  <reporter-output>
  </reporter-output>
  <suite name="Test Suite" duration-ms="14368" started-at="2021-05-22T23:46:10 AST" finished-at="2021-05-22T23:46:25 AST">
    <groups>
    </groups>
    <test name="Registration test suite" duration-ms="14368" started-at="2021-05-22T23:46:10 AST" finished-at="2021-05-22T23:46:25 AST">
      <class name="tests.registerAccount.TC02_RegisterWithExistEmailTest">
        <test-method status="PASS" signature="startDriver(java.lang.String)[pri:0, instance:tests.registerAccount.TC02_RegisterWithExistEmailTest@369f73a2]" name="startDriver" is-config="true" duration-ms="5156" started-at="2021-05-22T23:46:10 AST" finished-at="2021-05-22T23:46:16 AST">
          <params>
            <param index="0">
              <value>
                <![CDATA[chrome]]>
              </value>
            </param>
          </params>
          <reporter-output>
          </reporter-output>
        </test-method> <!-- startDriver -->
        <test-method status="PASS" signature="RegisterWithExistEmail()[pri:0, instance:tests.registerAccount.TC02_RegisterWithExistEmailTest@369f73a2]" name="RegisterWithExistEmail" duration-ms="4182" started-at="2021-05-22T23:46:16 AST" finished-at="2021-05-22T23:46:20 AST">
          <reporter-output>
          </reporter-output>
        </test-method> <!-- RegisterWithExistEmail -->
        <test-method status="PASS" signature="screenShotOnFailure(org.testng.ITestResult)[pri:0, instance:tests.registerAccount.TC02_RegisterWithExistEmailTest@369f73a2]" name="screenShotOnFailure" is-config="true" duration-ms="1" started-at="2021-05-22T23:46:20 AST" finished-at="2021-05-22T23:46:20 AST">
          <params>
            <param index="0">
              <value>
                <![CDATA[[TestResult name=RegisterWithExistEmail status=SUCCESS method=TC02_RegisterWithExistEmailTest.RegisterWithExistEmail()[pri:0, instance:tests.registerAccount.TC02_RegisterWithExistEmailTest@369f73a2] output={null}]]]>
              </value>
            </param>
          </params>
          <reporter-output>
          </reporter-output>
        </test-method> <!-- screenShotOnFailure -->
      </class> <!-- tests.registerAccount.TC02_RegisterWithExistEmailTest -->
      <class name="tests.registerAccount.TC01_RegisterNewUserTest">
        <test-method status="PASS" signature="startDriver(java.lang.String)[pri:0, instance:tests.registerAccount.TC01_RegisterNewUserTest@731a74c]" name="startDriver" is-config="true" duration-ms="5223" started-at="2021-05-22T23:46:10 AST" finished-at="2021-05-22T23:46:16 AST">
          <params>
            <param index="0">
              <value>
                <![CDATA[chrome]]>
              </value>
            </param>
          </params>
          <reporter-output>
          </reporter-output>
        </test-method> <!-- startDriver -->
        <test-method status="PASS" signature="RegisterNewUser()[pri:0, instance:tests.registerAccount.TC01_RegisterNewUserTest@731a74c]" name="RegisterNewUser" duration-ms="9132" started-at="2021-05-22T23:46:16 AST" finished-at="2021-05-22T23:46:25 AST">
          <reporter-output>
          </reporter-output>
        </test-method> <!-- RegisterNewUser -->
        <test-method status="PASS" signature="screenShotOnFailure(org.testng.ITestResult)[pri:0, instance:tests.registerAccount.TC01_RegisterNewUserTest@731a74c]" name="screenShotOnFailure" is-config="true" duration-ms="1" started-at="2021-05-22T23:46:25 AST" finished-at="2021-05-22T23:46:25 AST">
          <params>
            <param index="0">
              <value>
                <![CDATA[[TestResult name=RegisterNewUser status=SUCCESS method=TC01_RegisterNewUserTest.RegisterNewUser()[pri:0, instance:tests.registerAccount.TC01_RegisterNewUserTest@731a74c] output={null}]]]>
              </value>
            </param>
          </params>
          <reporter-output>
          </reporter-output>
        </test-method> <!-- screenShotOnFailure -->
        <test-method status="PASS" signature="tearsDown()[pri:0, instance:tests.registerAccount.TC01_RegisterNewUserTest@731a74c]" name="tearsDown" is-config="true" duration-ms="1" started-at="2021-05-22T23:46:25 AST" finished-at="2021-05-22T23:46:25 AST">
          <reporter-output>
          </reporter-output>
        </test-method> <!-- tearsDown -->
      </class> <!-- tests.registerAccount.TC01_RegisterNewUserTest -->
    </test> <!-- Registration test suite -->
  </suite> <!-- Test Suite -->
</testng-results>
